<?xml version="1.0" encoding="UTF-8"?>
<testsuite name="com.parkinglot.test.ParkingLotTest" tests="1" skipped="0" failures="0" errors="0" timestamp="2020-05-29T03:51:48" hostname="LAPTOP-OT35PSQH" time="0.055">
  <properties/>
  <testcase name="givenMultipleCarsAtMultipleParkingLotsLessThanActualCapacity_WhenParkEvenly_shouldReturnLastIndexEmpty" classname="com.parkinglot.test.ParkingLotTest" time="0.055"/>
  <system-out><![CDATA[]]></system-out>
  <system-err><![CDATA[]]></system-err>
</testsuite>
