<?xml version="1.0" encoding="UTF-8"?>
<testsuite name="com.parkinglot.test.ParkingLotTest" tests="1" skipped="0" failures="0" errors="0" timestamp="2020-05-26T16:44:38" hostname="LAPTOP-OT35PSQH" time="0.044">
  <properties/>
  <testcase name="givenParkingLotSystem_WhenVehicleFound_ShouldReturnVehicleSlot" classname="com.parkinglot.test.ParkingLotTest" time="0.044"/>
  <system-out><![CDATA[0
]]></system-out>
  <system-err><![CDATA[]]></system-err>
</testsuite>
