<?xml version="1.0" encoding="UTF-8"?>
<testsuite name="com.parkinglot.test.ParkingLotTest" tests="1" skipped="1" failures="0" errors="0" timestamp="2020-05-29T03:44:39" hostname="LAPTOP-OT35PSQH" time="104.984">
  <properties/>
  <testcase name="givenMultipleCarsLessThanActualCapacity_WhenParkEvenly_shouldReturnLastIndexEmpty" classname="com.parkinglot.test.ParkingLotTest" time="104.984">
    <skipped/>
  </testcase>
  <system-out><![CDATA[]]></system-out>
  <system-err><![CDATA[]]></system-err>
</testsuite>
