<?xml version="1.0" encoding="UTF-8"?>
<testsuite name="com.parkinglot.test.ParkingLotTest" tests="36" skipped="0" failures="0" errors="0" timestamp="2020-05-30T04:15:26" hostname="LAPTOP-OT35PSQH" time="0.304">
  <properties/>
  <testcase name="givenVehicleToUnPark_WhenUnParked_ShouldReturnTrue" classname="com.parkinglot.test.ParkingLotTest" time="0.061"/>
  <testcase name="givenParkingLotSystem_WhenVehicleFound_ShouldReturnVehicleSlot" classname="com.parkinglot.test.ParkingLotTest" time="0.001"/>
  <testcase name="givenVehicle_WhenParkingFullAndOwnerIsNotObserver_ShouldInformOwner" classname="com.parkinglot.test.ParkingLotTest" time="0.006"/>
  <testcase name="givenVehicle_WhenParkingIsAvailableAndAirportAndOwnerAreObserver_ShouldInformBoth" classname="com.parkinglot.test.ParkingLotTest" time="0.001"/>
  <testcase name="givenVehicle_WhenParkingFullAndAirportAndOwnerAreObserver_ShouldInformBoth" classname="com.parkinglot.test.ParkingLotTest" time="0.001"/>
  <testcase name="givenVehicle_WhenParkingIsAvailableAndOwnerIsObserver_ShouldInformOwner" classname="com.parkinglot.test.ParkingLotTest" time="0.001"/>
  <testcase name="givenLargeVehicleToPark_WhenParkingLotHasSpaceAndDriverIsHandicap_ShouldParkVehicle" classname="com.parkinglot.test.ParkingLotTest" time="0.001"/>
  <testcase name="givenVehicle_WhenParkingIsAvailableAndAirportIsObserver_ShouldInformAirport" classname="com.parkinglot.test.ParkingLotTest" time="0.002"/>
  <testcase name="givenParkingLotSystem_WhenNotParkedBlueToyotaCar_ShouldReturnEmptyList" classname="com.parkinglot.test.ParkingLotTest" time="0.023"/>
  <testcase name="givenParkingLotSystem_WhenVehicleNotFound_ShouldThrowException" classname="com.parkinglot.test.ParkingLotTest" time="0.001"/>
  <testcase name="givenVehicleToPark_WhenParked_ShouldReturnTrue" classname="com.parkinglot.test.ParkingLotTest" time="0.0"/>
  <testcase name="givenMultipleVehiclesAtMultipleParkingLots_WhenParkEvenly_shouldParkVehicle" classname="com.parkinglot.test.ParkingLotTest" time="0.002"/>
  <testcase name="givenVehicleToUnpark_WhenNotParked_ShouldReturnException" classname="com.parkinglot.test.ParkingLotTest" time="0.002"/>
  <testcase name="givenMultipleVehiclesAtMultipleParkingLots_WhenParkEvenly_shouldParkVehicleBasedOnDriverType" classname="com.parkinglot.test.ParkingLotTest" time="0.002"/>
  <testcase name="givenMultipleVehiclesAtMultipleParkingLotsLessThanActualCapacity_WhenParkEvenly_shouldReturnFirstIndexEmpty" classname="com.parkinglot.test.ParkingLotTest" time="0.002"/>
  <testcase name="givenWhiteCarToPark_whenMultipleParkingLotToParkVehicle_shouldReturnLocationOfAllWhiteCars" classname="com.parkinglot.test.ParkingLotTest" time="0.016"/>
  <testcase name="givenBMWCarToPark_WhenParkingLotToParkVehicle_ShouldReturnLocationOfAllBMWCars" classname="com.parkinglot.test.ParkingLotTest" time="0.008"/>
  <testcase name="givenVehicleToPark_WhenNotParked_ShouldReturnException" classname="com.parkinglot.test.ParkingLotTest" time="0.001"/>
  <testcase name="givenBlueToyotaCar_WhenMultipleParkingLotToParkVehicle_ShouldReturnLocationOfAllBlueToyotaCar" classname="com.parkinglot.test.ParkingLotTest" time="0.003"/>
  <testcase name="givenParkingLotSystem_WhenParkingCapacityIsSet_ShouldReturnParkingCapacity" classname="com.parkinglot.test.ParkingLotTest" time="0.001"/>
  <testcase name="givenParkingLotSystem_WhenListOfEmptySlotsCalled_ShouldReturnAvailableSlots" classname="com.parkinglot.test.ParkingLotTest" time="0.002"/>
  <testcase name="givenBMWCar_WhenMultipleParkingLotToParkVehicle_ShouldReturnLocationOfAllBMWCar" classname="com.parkinglot.test.ParkingLotTest" time="0.006"/>
  <testcase name="givenWhiteCarToPark_whenParkingLotToParkVehicle_shouldReturnLocationOfAllWhiteCars" classname="com.parkinglot.test.ParkingLotTest" time="0.001"/>
  <testcase name="givenVehicleToUnPark_WhenCapacityIs2_ShouldBeAbleToUnPark2Vehicle" classname="com.parkinglot.test.ParkingLotTest" time="0.006"/>
  <testcase name="givenLargeVehicleToPark_WhenParkingLotHasSpace_ShouldParkVehicle" classname="com.parkinglot.test.ParkingLotTest" time="0.001"/>
  <testcase name="givenVehicleToPark_WhenSameVehicleAlreadyParked_ShouldThrowException" classname="com.parkinglot.test.ParkingLotTest" time="0.003"/>
  <testcase name="givenCarToPark_WhenParkingLotToParkVehicle_ShouldReturnLocationOfAllCarsParkedWithin30Minutes" classname="com.parkinglot.test.ParkingLotTest" time="0.03"/>
  <testcase name="givenParkingLotSystem_WhenNotAddedLots_ShouldReturnFalse" classname="com.parkinglot.test.ParkingLotTest" time="0.0"/>
  <testcase name="givenMultipleVehiclesLessThanActualCapacity_WhenParkEvenly_shouldReturnFirstIndexEmpty" classname="com.parkinglot.test.ParkingLotTest" time="0.003"/>
  <testcase name="givenVehicleToPark_WhenCapacityIs2_ShouldBeAbleToPark2Vehicle" classname="com.parkinglot.test.ParkingLotTest" time="0.002"/>
  <testcase name="givenVehicle_WhenParkingFullAndAirportSecurityIsNotObserver_ShouldInformAirportSecurity" classname="com.parkinglot.test.ParkingLotTest" time="0.003"/>
  <testcase name="givenVehicle_WhenParkingFullAndAirportSecurityIsObserver_ShouldInformAirportSecurity" classname="com.parkinglot.test.ParkingLotTest" time="0.001"/>
  <testcase name="givenVehicle_WhenParkingFullAndOwnerIsObserver_ShouldInformOwner" classname="com.parkinglot.test.ParkingLotTest" time="0.031"/>
  <testcase name="givenVehicleToPark_whenDriverIsHandicap_shouldParkedAtNearestSpot" classname="com.parkinglot.test.ParkingLotTest" time="0.005"/>
  <testcase name="givenParkingLotSystem_WhenAddedLots_ShouldReturnTrue" classname="com.parkinglot.test.ParkingLotTest" time="0.003"/>
  <testcase name="givenCarToPark_WhenMultipleParkingLotToParkVehicle_ShouldReturnLocationOfAllCarsParkedWithin30Minutes" classname="com.parkinglot.test.ParkingLotTest" time="0.009"/>
  <system-out><![CDATA[]]></system-out>
  <system-err><![CDATA[]]></system-err>
</testsuite>
