<?xml version="1.0" encoding="UTF-8"?>
<testsuite name="com.parkinglot.test.ParkingLotTest" tests="6" skipped="0" failures="0" errors="0" timestamp="2020-05-24T19:09:10" hostname="LAPTOP-OT35PSQH" time="0.015">
  <properties/>
  <testcase name="givenVehicleToUnPark_WhenUnParked_ShouldReturnTrue" classname="com.parkinglot.test.ParkingLotTest" time="0.006"/>
  <testcase name="givenVehicle_WhenParkingFullAndOwnerIsNotObserver_ShouldInformOwner" classname="com.parkinglot.test.ParkingLotTest" time="0.004"/>
  <testcase name="givenVehicle_WhenNotParked_ShouldReturnException" classname="com.parkinglot.test.ParkingLotTest" time="0.001"/>
  <testcase name="givenVehicleToPark_WhenParked_ShouldReturnTrue" classname="com.parkinglot.test.ParkingLotTest" time="0.0"/>
  <testcase name="givenVehicle_WhenNotUnParked_ShouldReturnException" classname="com.parkinglot.test.ParkingLotTest" time="0.0"/>
  <testcase name="givenVehicle_WhenParkingFullAndOwnerIsObserver_ShouldInformOwner" classname="com.parkinglot.test.ParkingLotTest" time="0.0"/>
  <system-out><![CDATA[]]></system-out>
  <system-err><![CDATA[]]></system-err>
</testsuite>
