<?xml version="1.0" encoding="UTF-8"?>
<testsuite name="com.parkinglot.test.ParkingLotTest" tests="1" skipped="0" failures="0" errors="0" timestamp="2020-05-29T16:43:42" hostname="LAPTOP-OT35PSQH" time="0.064">
  <properties/>
  <testcase name="givenParkingLotSystem_WhenNotParkedBlueToyotaCar_ShouldReturnEmptyList" classname="com.parkinglot.test.ParkingLotTest" time="0.064"/>
  <system-out><![CDATA[]]></system-out>
  <system-err><![CDATA[]]></system-err>
</testsuite>
